# JRE version: Java(TM) SE Runtime Environment (17.0.10+11) (build 17.0.10+11-LTS-240)
# Java VM: Java HotSpot(TM) 64-Bit Server VM (17.0.10+11-LTS-240, mixed mode, emulated-client, sharing, tiered, compressed oops, compressed class ptrs, g1 gc, windows-amd64)
GC Precious Log:
 CPUs: 12 total, 12 available
 Memory: 15711M
 Large Page Support: Disabled
 NUMA Support: Disabled
 Compressed Oops: Enabled (Zero based)
 Heap Region Size: 2M
 Heap Min Capacity: 8M
 Heap Initial Capacity: 246M
 Heap Max Capacity: 3928M
 Pre-touch: Disabled
 Parallel Workers: 10
 Concurrent Workers: 3
 Concurrent Refinement Workers: 10
 Periodic GC: Disabled
Heap:
 garbage-first heap   total 251904K, used 54104K [0x000000070a800000, 0x0000000800000000)
  region size 2048K, 5 young (10240K), 5 survivors (10240K)
 Metaspace       used 89765K, committed 90560K, reserved 1179648K
  class space    used 12112K, committed 12480K, reserved 1048576K
GC Heap History (20 events):
Event: 14.117 GC heap after
{Heap after GC invocations=20 (full 0):
 garbage-first heap   total 96256K, used 44837K [0x000000070a800000, 0x0000000800000000)
  region size 2048K, 1 young (2048K), 1 survivors (2048K)
 Metaspace       used 74382K, committed 75072K, reserved 1114112K
  class space    used 10456K, committed 10752K, reserved 1048576K
}
Event: 14.177 GC heap before
{Heap before GC invocations=20 (full 0):
 garbage-first heap   total 96256K, used 75557K [0x000000070a800000, 0x0000000800000000)
  region size 2048K, 16 young (32768K), 1 survivors (2048K)
 Metaspace       used 74840K, committed 75520K, reserved 1114112K
  class space    used 10522K, committed 10880K, reserved 1048576K
}
Event: 14.178 GC heap after
{Heap after GC invocations=21 (full 0):
 garbage-first heap   total 96256K, used 45078K [0x000000070a800000, 0x0000000800000000)
  region size 2048K, 1 young (2048K), 1 survivors (2048K)
 Metaspace       used 74840K, committed 75520K, reserved 1114112K
  class space    used 10522K, committed 10880K, reserved 1048576K
}
Event: 14.215 GC heap before
{Heap before GC invocations=22 (full 0):
 garbage-first heap   total 112640K, used 75798K [0x000000070a800000, 0x0000000800000000)
  region size 2048K, 16 young (32768K), 1 survivors (2048K)
 Metaspace       used 74857K, committed 75584K, reserved 1114112K
  class space    used 10525K, committed 10880K, reserved 1048576K
}
Event: 14.216 GC heap after
{Heap after GC invocations=23 (full 0):
 garbage-first heap   total 112640K, used 45156K [0x000000070a800000, 0x0000000800000000)
  region size 2048K, 1 young (2048K), 1 survivors (2048K)
 Metaspace       used 74857K, committed 75584K, reserved 1114112K
  class space    used 10525K, committed 10880K, reserved 1048576K
}
Event: 14.252 GC heap before
{Heap before GC invocations=23 (full 0):
 garbage-first heap   total 112640K, used 88164K [0x000000070a800000, 0x0000000800000000)
  region size 2048K, 22 young (45056K), 1 survivors (2048K)
 Metaspace       used 74870K, committed 75584K, reserved 1114112K
  class space    used 10527K, committed 10880K, reserved 1048576K
}
Event: 14.253 GC heap after
{Heap after GC invocations=24 (full 0):
 garbage-first heap   total 112640K, used 45340K [0x000000070a800000, 0x0000000800000000)
  region size 2048K, 1 young (2048K), 1 survivors (2048K)
 Metaspace       used 74870K, committed 75584K, reserved 1114112K
  class space    used 10527K, committed 10880K, reserved 1048576K
}
Event: 14.285 GC heap before
{Heap before GC invocations=24 (full 0):
 garbage-first heap   total 112640K, used 90396K [0x000000070a800000, 0x0000000800000000)
  region size 2048K, 23 young (47104K), 1 survivors (2048K)
 Metaspace       used 74874K, committed 75584K, reserved 1114112K
  class space    used 10527K, committed 10880K, reserved 1048576K
}
Event: 14.286 GC heap after
{Heap after GC invocations=25 (full 0):
 garbage-first heap   total 112640K, used 45404K [0x000000070a800000, 0x0000000800000000)
  region size 2048K, 1 young (2048K), 1 survivors (2048K)
 Metaspace       used 74874K, committed 75584K, reserved 1114112K
  class space    used 10527K, committed 10880K, reserved 1048576K
}
Event: 14.314 GC heap before
{Heap before GC invocations=25 (full 0):
 garbage-first heap   total 112640K, used 92508K [0x000000070a800000, 0x0000000800000000)
  region size 2048K, 24 young (49152K), 1 survivors (2048K)
 Metaspace       used 74874K, committed 75584K, reserved 1114112K
  class space    used 10527K, committed 10880K, reserved 1048576K
}
Event: 14.315 GC heap after
{Heap after GC invocations=26 (full 0):
 garbage-first heap   total 217088K, used 45598K [0x000000070a800000, 0x0000000800000000)
  region size 2048K, 1 young (2048K), 1 survivors (2048K)
 Metaspace       used 74874K, committed 75584K, reserved 1114112K
  class space    used 10527K, committed 10880K, reserved 1048576K
}
Event: 14.415 GC heap before
{Heap before GC invocations=26 (full 0):
 garbage-first heap   total 217088K, used 172574K [0x000000070a800000, 0x0000000800000000)
  region size 2048K, 63 young (129024K), 1 survivors (2048K)
 Metaspace       used 74874K, committed 75584K, reserved 1114112K
  class space    used 10527K, committed 10880K, reserved 1048576K
}
Event: 14.416 GC heap after
{Heap after GC invocations=27 (full 0):
 garbage-first heap   total 217088K, used 45920K [0x000000070a800000, 0x0000000800000000)
  region size 2048K, 2 young (4096K), 2 survivors (4096K)
 Metaspace       used 74874K, committed 75584K, reserved 1114112K
  class space    used 10527K, committed 10880K, reserved 1048576K
}
Event: 30.877 GC heap before
{Heap before GC invocations=27 (full 0):
 garbage-first heap   total 217088K, used 168800K [0x000000070a800000, 0x0000000800000000)
  region size 2048K, 63 young (129024K), 2 survivors (4096K)
 Metaspace       used 89748K, committed 90560K, reserved 1179648K
  class space    used 12110K, committed 12480K, reserved 1048576K
}
Event: 30.881 GC heap after
{Heap after GC invocations=28 (full 0):
 garbage-first heap   total 217088K, used 53150K [0x000000070a800000, 0x0000000800000000)
  region size 2048K, 5 young (10240K), 5 survivors (10240K)
 Metaspace       used 89748K, committed 90560K, reserved 1179648K
  class space    used 12110K, committed 12480K, reserved 1048576K
}
Event: 30.956 GC heap before
{Heap before GC invocations=28 (full 0):
 garbage-first heap   total 217088K, used 171934K [0x000000070a800000, 0x0000000800000000)
  region size 2048K, 63 young (129024K), 5 survivors (10240K)
 Metaspace       used 89765K, committed 90560K, reserved 1179648K
  class space    used 12112K, committed 12480K, reserved 1048576K
}
Event: 30.959 GC heap after
{Heap after GC invocations=29 (full 0):
 garbage-first heap   total 217088K, used 53484K [0x000000070a800000, 0x0000000800000000)
  region size 2048K, 5 young (10240K), 5 survivors (10240K)
 Metaspace       used 89765K, committed 90560K, reserved 1179648K
  class space    used 12112K, committed 12480K, reserved 1048576K
}
Event: 31.030 GC heap before
{Heap before GC invocations=29 (full 0):
 garbage-first heap   total 217088K, used 172268K [0x000000070a800000, 0x0000000800000000)
  region size 2048K, 63 young (129024K), 5 survivors (10240K)
 Metaspace       used 89765K, committed 90560K, reserved 1179648K
  class space    used 12112K, committed 12480K, reserved 1048576K
}
Event: 31.032 GC heap after
{Heap after GC invocations=30 (full 0):
 garbage-first heap   total 217088K, used 53880K [0x000000070a800000, 0x0000000800000000)
  region size 2048K, 5 young (10240K), 5 survivors (10240K)
 Metaspace       used 89765K, committed 90560K, reserved 1179648K
  class space    used 12112K, committed 12480K, reserved 1048576K
}
Event: 31.093 GC heap before
{Heap before GC invocations=30 (full 0):
 garbage-first heap   total 217088K, used 172664K [0x000000070a800000, 0x0000000800000000)
  region size 2048K, 63 young (129024K), 5 survivors (10240K)
 Metaspace       used 89765K, committed 90560K, reserved 1179648K
  class space    used 12112K, committed 12480K, reserved 1048576K
}

